[2020-10-19 13:53:36 +0800] [4252] [INFO] Starting gunicorn 20.0.4
[2020-10-19 13:53:36 +0800] [4252] [INFO] Listening at: http://0.0.0.0:8000 (4252)
[2020-10-19 13:53:36 +0800] [4252] [INFO] Using worker: threads
[2020-10-19 13:53:36 +0800] [4260] [INFO] Booting worker with pid: 4260
[2020-10-19 13:53:36 +0800] [4261] [INFO] Booting worker with pid: 4261
[2020-10-19 13:53:36 +0800] [4262] [INFO] Booting worker with pid: 4262
[2020-10-19 13:59:29 +0800] [4252] [INFO] Handling signal: int
[2020-10-19 13:59:29 +0800] [4260] [INFO] Worker exiting (pid: 4260)
[2020-10-19 13:59:29 +0800] [4261] [INFO] Worker exiting (pid: 4261)
[2020-10-19 13:59:29 +0800] [4262] [INFO] Worker exiting (pid: 4262)
[2020-10-19 13:59:29 +0800] [4252] [INFO] Shutting down: Master
[2020-10-19 13:59:32 +0800] [4268] [INFO] Starting gunicorn 20.0.4
[2020-10-19 13:59:32 +0800] [4268] [INFO] Listening at: http://0.0.0.0:8000 (4268)
[2020-10-19 13:59:32 +0800] [4268] [INFO] Using worker: threads
[2020-10-19 13:59:32 +0800] [4276] [INFO] Booting worker with pid: 4276
[2020-10-19 13:59:32 +0800] [4277] [INFO] Booting worker with pid: 4277
[2020-10-19 13:59:32 +0800] [4278] [INFO] Booting worker with pid: 4278
[2020-10-19 14:03:32 +0800] [4268] [INFO] Handling signal: int
[2020-10-19 14:03:32 +0800] [4276] [INFO] Worker exiting (pid: 4276)
[2020-10-19 14:03:32 +0800] [4277] [INFO] Worker exiting (pid: 4277)
[2020-10-19 14:03:32 +0800] [4278] [INFO] Worker exiting (pid: 4278)
[2020-10-19 14:03:32 +0800] [4268] [INFO] Shutting down: Master
[2020-10-19 14:04:20 +0800] [4295] [INFO] Starting gunicorn 20.0.4
[2020-10-19 14:04:20 +0800] [4295] [INFO] Listening at: http://0.0.0.0:8000 (4295)
[2020-10-19 14:04:20 +0800] [4295] [INFO] Using worker: threads
[2020-10-19 14:04:20 +0800] [4303] [INFO] Booting worker with pid: 4303
[2020-10-19 14:04:20 +0800] [4304] [INFO] Booting worker with pid: 4304
[2020-10-19 14:04:20 +0800] [4306] [INFO] Booting worker with pid: 4306
[2020-10-19 14:04:52 +0800] [4295] [INFO] Handling signal: int
[2020-10-19 14:04:52 +0800] [4303] [INFO] Worker exiting (pid: 4303)
[2020-10-19 14:04:52 +0800] [4304] [INFO] Worker exiting (pid: 4304)
[2020-10-19 14:04:52 +0800] [4306] [INFO] Worker exiting (pid: 4306)
[2020-10-19 14:04:52 +0800] [4295] [INFO] Shutting down: Master
[2020-10-19 14:05:02 +0800] [4309] [INFO] Starting gunicorn 20.0.4
[2020-10-19 14:05:02 +0800] [4309] [INFO] Listening at: http://0.0.0.0:8000 (4309)
[2020-10-19 14:05:02 +0800] [4309] [INFO] Using worker: threads
[2020-10-19 14:05:02 +0800] [4317] [INFO] Booting worker with pid: 4317
[2020-10-19 14:05:02 +0800] [4318] [INFO] Booting worker with pid: 4318
[2020-10-19 14:05:02 +0800] [4319] [INFO] Booting worker with pid: 4319
[2020-10-19 14:05:03 +0800] [4317] [ERROR] Exception in worker process
Traceback (most recent call last):
  File "/home/ahxc/.local/share/virtualenvs/max-EfqDldkk/lib/python3.6/site-packages/gunicorn/arbiter.py", line 583, in spawn_worker
    worker.init_process()
  File "/home/ahxc/.local/share/virtualenvs/max-EfqDldkk/lib/python3.6/site-packages/gunicorn/workers/gthread.py", line 92, in init_process
    super().init_process()
  File "/home/ahxc/.local/share/virtualenvs/max-EfqDldkk/lib/python3.6/site-packages/gunicorn/workers/base.py", line 119, in init_process
    self.load_wsgi()
  File "/home/ahxc/.local/share/virtualenvs/max-EfqDldkk/lib/python3.6/site-packages/gunicorn/workers/base.py", line 144, in load_wsgi
    self.wsgi = self.app.wsgi()
  File "/home/ahxc/.local/share/virtualenvs/max-EfqDldkk/lib/python3.6/site-packages/gunicorn/app/base.py", line 67, in wsgi
    self.callable = self.load()
  File "/home/ahxc/.local/share/virtualenvs/max-EfqDldkk/lib/python3.6/site-packages/gunicorn/app/wsgiapp.py", line 49, in load
    return self.load_wsgiapp()
  File "/home/ahxc/.local/share/virtualenvs/max-EfqDldkk/lib/python3.6/site-packages/gunicorn/app/wsgiapp.py", line 39, in load_wsgiapp
    return util.import_app(self.app_uri)
  File "/home/ahxc/.local/share/virtualenvs/max-EfqDldkk/lib/python3.6/site-packages/gunicorn/util.py", line 358, in import_app
    mod = importlib.import_module(module)
  File "/usr/lib64/python3.6/importlib/__init__.py", line 126, in import_module
    return _bootstrap._gcd_import(name[level:], package, level)
  File "<frozen importlib._bootstrap>", line 994, in _gcd_import
  File "<frozen importlib._bootstrap>", line 971, in _find_and_load
  File "<frozen importlib._bootstrap>", line 950, in _find_and_load_unlocked
ModuleNotFoundError: No module named 'max.wsgi.py'; 'max.wsgi' is not a package
[2020-10-19 14:05:03 +0800] [4317] [INFO] Worker exiting (pid: 4317)
[2020-10-19 14:05:03 +0800] [4318] [ERROR] Exception in worker process
Traceback (most recent call last):
  File "/home/ahxc/.local/share/virtualenvs/max-EfqDldkk/lib/python3.6/site-packages/gunicorn/arbiter.py", line 583, in spawn_worker
    worker.init_process()
  File "/home/ahxc/.local/share/virtualenvs/max-EfqDldkk/lib/python3.6/site-packages/gunicorn/workers/gthread.py", line 92, in init_process
    super().init_process()
  File "/home/ahxc/.local/share/virtualenvs/max-EfqDldkk/lib/python3.6/site-packages/gunicorn/workers/base.py", line 119, in init_process
    self.load_wsgi()
  File "/home/ahxc/.local/share/virtualenvs/max-EfqDldkk/lib/python3.6/site-packages/gunicorn/workers/base.py", line 144, in load_wsgi
    self.wsgi = self.app.wsgi()
  File "/home/ahxc/.local/share/virtualenvs/max-EfqDldkk/lib/python3.6/site-packages/gunicorn/app/base.py", line 67, in wsgi
    self.callable = self.load()
  File "/home/ahxc/.local/share/virtualenvs/max-EfqDldkk/lib/python3.6/site-packages/gunicorn/app/wsgiapp.py", line 49, in load
    return self.load_wsgiapp()
  File "/home/ahxc/.local/share/virtualenvs/max-EfqDldkk/lib/python3.6/site-packages/gunicorn/app/wsgiapp.py", line 39, in load_wsgiapp
    return util.import_app(self.app_uri)
  File "/home/ahxc/.local/share/virtualenvs/max-EfqDldkk/lib/python3.6/site-packages/gunicorn/util.py", line 358, in import_app
    mod = importlib.import_module(module)
  File "/usr/lib64/python3.6/importlib/__init__.py", line 126, in import_module
    return _bootstrap._gcd_import(name[level:], package, level)
  File "<frozen importlib._bootstrap>", line 994, in _gcd_import
  File "<frozen importlib._bootstrap>", line 971, in _find_and_load
  File "<frozen importlib._bootstrap>", line 950, in _find_and_load_unlocked
ModuleNotFoundError: No module named 'max.wsgi.py'; 'max.wsgi' is not a package
[2020-10-19 14:05:03 +0800] [4318] [INFO] Worker exiting (pid: 4318)
[2020-10-19 14:05:03 +0800] [4319] [ERROR] Exception in worker process
Traceback (most recent call last):
  File "/home/ahxc/.local/share/virtualenvs/max-EfqDldkk/lib/python3.6/site-packages/gunicorn/arbiter.py", line 583, in spawn_worker
    worker.init_process()
  File "/home/ahxc/.local/share/virtualenvs/max-EfqDldkk/lib/python3.6/site-packages/gunicorn/workers/gthread.py", line 92, in init_process
    super().init_process()
  File "/home/ahxc/.local/share/virtualenvs/max-EfqDldkk/lib/python3.6/site-packages/gunicorn/workers/base.py", line 119, in init_process
    self.load_wsgi()
  File "/home/ahxc/.local/share/virtualenvs/max-EfqDldkk/lib/python3.6/site-packages/gunicorn/workers/base.py", line 144, in load_wsgi
    self.wsgi = self.app.wsgi()
  File "/home/ahxc/.local/share/virtualenvs/max-EfqDldkk/lib/python3.6/site-packages/gunicorn/app/base.py", line 67, in wsgi
    self.callable = self.load()
  File "/home/ahxc/.local/share/virtualenvs/max-EfqDldkk/lib/python3.6/site-packages/gunicorn/app/wsgiapp.py", line 49, in load
    return self.load_wsgiapp()
  File "/home/ahxc/.local/share/virtualenvs/max-EfqDldkk/lib/python3.6/site-packages/gunicorn/app/wsgiapp.py", line 39, in load_wsgiapp
    return util.import_app(self.app_uri)
  File "/home/ahxc/.local/share/virtualenvs/max-EfqDldkk/lib/python3.6/site-packages/gunicorn/util.py", line 358, in import_app
    mod = importlib.import_module(module)
  File "/usr/lib64/python3.6/importlib/__init__.py", line 126, in import_module
    return _bootstrap._gcd_import(name[level:], package, level)
  File "<frozen importlib._bootstrap>", line 994, in _gcd_import
  File "<frozen importlib._bootstrap>", line 971, in _find_and_load
  File "<frozen importlib._bootstrap>", line 950, in _find_and_load_unlocked
ModuleNotFoundError: No module named 'max.wsgi.py'; 'max.wsgi' is not a package
[2020-10-19 14:05:03 +0800] [4319] [INFO] Worker exiting (pid: 4319)
[2020-10-19 14:05:03 +0800] [4309] [INFO] Shutting down: Master
[2020-10-19 14:05:03 +0800] [4309] [INFO] Reason: Worker failed to boot.
[2020-10-19 14:05:08 +0800] [4323] [INFO] Starting gunicorn 20.0.4
[2020-10-19 14:05:08 +0800] [4323] [INFO] Listening at: http://0.0.0.0:8000 (4323)
[2020-10-19 14:05:08 +0800] [4323] [INFO] Using worker: threads
[2020-10-19 14:05:08 +0800] [4331] [INFO] Booting worker with pid: 4331
[2020-10-19 14:05:08 +0800] [4332] [INFO] Booting worker with pid: 4332
[2020-10-19 14:05:08 +0800] [4333] [INFO] Booting worker with pid: 4333
[2020-10-19 14:05:10 +0800] [4331] [ERROR] Exception in worker process
Traceback (most recent call last):
  File "/home/ahxc/.local/share/virtualenvs/max-EfqDldkk/lib/python3.6/site-packages/gunicorn/arbiter.py", line 583, in spawn_worker
    worker.init_process()
  File "/home/ahxc/.local/share/virtualenvs/max-EfqDldkk/lib/python3.6/site-packages/gunicorn/workers/gthread.py", line 92, in init_process
    super().init_process()
  File "/home/ahxc/.local/share/virtualenvs/max-EfqDldkk/lib/python3.6/site-packages/gunicorn/workers/base.py", line 119, in init_process
    self.load_wsgi()
  File "/home/ahxc/.local/share/virtualenvs/max-EfqDldkk/lib/python3.6/site-packages/gunicorn/workers/base.py", line 144, in load_wsgi
    self.wsgi = self.app.wsgi()
  File "/home/ahxc/.local/share/virtualenvs/max-EfqDldkk/lib/python3.6/site-packages/gunicorn/app/base.py", line 67, in wsgi
    self.callable = self.load()
  File "/home/ahxc/.local/share/virtualenvs/max-EfqDldkk/lib/python3.6/site-packages/gunicorn/app/wsgiapp.py", line 49, in load
    return self.load_wsgiapp()
  File "/home/ahxc/.local/share/virtualenvs/max-EfqDldkk/lib/python3.6/site-packages/gunicorn/app/wsgiapp.py", line 39, in load_wsgiapp
    return util.import_app(self.app_uri)
  File "/home/ahxc/.local/share/virtualenvs/max-EfqDldkk/lib/python3.6/site-packages/gunicorn/util.py", line 358, in import_app
    mod = importlib.import_module(module)
  File "/usr/lib64/python3.6/importlib/__init__.py", line 126, in import_module
    return _bootstrap._gcd_import(name[level:], package, level)
  File "<frozen importlib._bootstrap>", line 994, in _gcd_import
  File "<frozen importlib._bootstrap>", line 971, in _find_and_load
  File "<frozen importlib._bootstrap>", line 950, in _find_and_load_unlocked
ModuleNotFoundError: No module named 'max.wsgi.py'; 'max.wsgi' is not a package
[2020-10-19 14:05:10 +0800] [4331] [INFO] Worker exiting (pid: 4331)
[2020-10-19 14:05:10 +0800] [4332] [ERROR] Exception in worker process
Traceback (most recent call last):
  File "/home/ahxc/.local/share/virtualenvs/max-EfqDldkk/lib/python3.6/site-packages/gunicorn/arbiter.py", line 583, in spawn_worker
    worker.init_process()
  File "/home/ahxc/.local/share/virtualenvs/max-EfqDldkk/lib/python3.6/site-packages/gunicorn/workers/gthread.py", line 92, in init_process
    super().init_process()
  File "/home/ahxc/.local/share/virtualenvs/max-EfqDldkk/lib/python3.6/site-packages/gunicorn/workers/base.py", line 119, in init_process
    self.load_wsgi()
  File "/home/ahxc/.local/share/virtualenvs/max-EfqDldkk/lib/python3.6/site-packages/gunicorn/workers/base.py", line 144, in load_wsgi
    self.wsgi = self.app.wsgi()
  File "/home/ahxc/.local/share/virtualenvs/max-EfqDldkk/lib/python3.6/site-packages/gunicorn/app/base.py", line 67, in wsgi
    self.callable = self.load()
  File "/home/ahxc/.local/share/virtualenvs/max-EfqDldkk/lib/python3.6/site-packages/gunicorn/app/wsgiapp.py", line 49, in load
    return self.load_wsgiapp()
  File "/home/ahxc/.local/share/virtualenvs/max-EfqDldkk/lib/python3.6/site-packages/gunicorn/app/wsgiapp.py", line 39, in load_wsgiapp
    return util.import_app(self.app_uri)
  File "/home/ahxc/.local/share/virtualenvs/max-EfqDldkk/lib/python3.6/site-packages/gunicorn/util.py", line 358, in import_app
    mod = importlib.import_module(module)
  File "/usr/lib64/python3.6/importlib/__init__.py", line 126, in import_module
    return _bootstrap._gcd_import(name[level:], package, level)
  File "<frozen importlib._bootstrap>", line 994, in _gcd_import
  File "<frozen importlib._bootstrap>", line 971, in _find_and_load
  File "<frozen importlib._bootstrap>", line 950, in _find_and_load_unlocked
ModuleNotFoundError: No module named 'max.wsgi.py'; 'max.wsgi' is not a package
[2020-10-19 14:05:10 +0800] [4332] [INFO] Worker exiting (pid: 4332)
[2020-10-19 14:05:10 +0800] [4333] [ERROR] Exception in worker process
Traceback (most recent call last):
  File "/home/ahxc/.local/share/virtualenvs/max-EfqDldkk/lib/python3.6/site-packages/gunicorn/arbiter.py", line 583, in spawn_worker
    worker.init_process()
  File "/home/ahxc/.local/share/virtualenvs/max-EfqDldkk/lib/python3.6/site-packages/gunicorn/workers/gthread.py", line 92, in init_process
    super().init_process()
  File "/home/ahxc/.local/share/virtualenvs/max-EfqDldkk/lib/python3.6/site-packages/gunicorn/workers/base.py", line 119, in init_process
    self.load_wsgi()
  File "/home/ahxc/.local/share/virtualenvs/max-EfqDldkk/lib/python3.6/site-packages/gunicorn/workers/base.py", line 144, in load_wsgi
    self.wsgi = self.app.wsgi()
  File "/home/ahxc/.local/share/virtualenvs/max-EfqDldkk/lib/python3.6/site-packages/gunicorn/app/base.py", line 67, in wsgi
    self.callable = self.load()
  File "/home/ahxc/.local/share/virtualenvs/max-EfqDldkk/lib/python3.6/site-packages/gunicorn/app/wsgiapp.py", line 49, in load
    return self.load_wsgiapp()
  File "/home/ahxc/.local/share/virtualenvs/max-EfqDldkk/lib/python3.6/site-packages/gunicorn/app/wsgiapp.py", line 39, in load_wsgiapp
    return util.import_app(self.app_uri)
  File "/home/ahxc/.local/share/virtualenvs/max-EfqDldkk/lib/python3.6/site-packages/gunicorn/util.py", line 358, in import_app
    mod = importlib.import_module(module)
  File "/usr/lib64/python3.6/importlib/__init__.py", line 126, in import_module
    return _bootstrap._gcd_import(name[level:], package, level)
  File "<frozen importlib._bootstrap>", line 994, in _gcd_import
  File "<frozen importlib._bootstrap>", line 971, in _find_and_load
  File "<frozen importlib._bootstrap>", line 950, in _find_and_load_unlocked
ModuleNotFoundError: No module named 'max.wsgi.py'; 'max.wsgi' is not a package
[2020-10-19 14:05:10 +0800] [4333] [INFO] Worker exiting (pid: 4333)
[2020-10-19 14:05:10 +0800] [4323] [INFO] Shutting down: Master
[2020-10-19 14:05:10 +0800] [4323] [INFO] Reason: Worker failed to boot.
[2020-10-19 14:05:46 +0800] [4337] [INFO] Starting gunicorn 20.0.4
[2020-10-19 14:05:46 +0800] [4337] [INFO] Listening at: http://0.0.0.0:8000 (4337)
[2020-10-19 14:05:46 +0800] [4337] [INFO] Using worker: threads
[2020-10-19 14:05:46 +0800] [4345] [INFO] Booting worker with pid: 4345
[2020-10-19 14:05:46 +0800] [4346] [INFO] Booting worker with pid: 4346
[2020-10-19 14:05:46 +0800] [4347] [INFO] Booting worker with pid: 4347
[2020-10-19 14:15:26 +0800] [4528] [INFO] Starting gunicorn 20.0.4
[2020-10-19 14:15:26 +0800] [4528] [INFO] Listening at: http://0.0.0.0:8000 (4528)
[2020-10-19 14:15:26 +0800] [4528] [INFO] Using worker: threads
[2020-10-19 14:15:26 +0800] [4538] [INFO] Booting worker with pid: 4538
[2020-10-19 14:15:26 +0800] [4539] [INFO] Booting worker with pid: 4539
[2020-10-19 14:15:26 +0800] [4540] [INFO] Booting worker with pid: 4540
[2020-10-19 14:17:13 +0800] [4528] [INFO] Handling signal: int
[2020-10-19 14:17:14 +0800] [4538] [INFO] Worker exiting (pid: 4538)
[2020-10-19 14:17:14 +0800] [4539] [INFO] Worker exiting (pid: 4539)
[2020-10-19 14:17:14 +0800] [4540] [INFO] Worker exiting (pid: 4540)
[2020-10-19 14:17:14 +0800] [4528] [INFO] Shutting down: Master
[2020-10-19 14:58:04 +0800] [9575] [INFO] Starting gunicorn 20.0.4
[2020-10-19 14:58:04 +0800] [9575] [INFO] Listening at: http://0.0.0.0:8000 (9575)
[2020-10-19 14:58:04 +0800] [9575] [INFO] Using worker: threads
[2020-10-19 14:58:04 +0800] [9583] [INFO] Booting worker with pid: 9583
[2020-10-19 14:58:04 +0800] [9584] [INFO] Booting worker with pid: 9584
[2020-10-19 14:58:04 +0800] [9585] [INFO] Booting worker with pid: 9585
[2020-10-19 15:03:42 +0800] [9575] [INFO] Handling signal: int
[2020-10-19 15:03:42 +0800] [9583] [INFO] Worker exiting (pid: 9583)
[2020-10-19 15:03:42 +0800] [9584] [INFO] Worker exiting (pid: 9584)
[2020-10-19 15:03:42 +0800] [9585] [INFO] Worker exiting (pid: 9585)
[2020-10-19 15:03:42 +0800] [9575] [INFO] Shutting down: Master
[2020-10-19 15:16:03 +0800] [10904] [INFO] Starting gunicorn 20.0.4
[2020-10-19 15:16:03 +0800] [10904] [INFO] Listening at: http://192.168.3.82:8000 (10904)
[2020-10-19 15:16:03 +0800] [10904] [INFO] Using worker: threads
[2020-10-19 15:16:03 +0800] [10912] [INFO] Booting worker with pid: 10912
[2020-10-19 15:16:03 +0800] [10913] [INFO] Booting worker with pid: 10913
[2020-10-19 15:16:03 +0800] [10915] [INFO] Booting worker with pid: 10915
[2020-10-19 15:16:20 +0800] [10904] [INFO] Handling signal: int
[2020-10-19 15:16:20 +0800] [10913] [INFO] Worker exiting (pid: 10913)
[2020-10-19 15:16:20 +0800] [10912] [INFO] Worker exiting (pid: 10912)
[2020-10-19 15:16:21 +0800] [10904] [INFO] Shutting down: Master
[2020-10-19 16:33:38 +0800] [2075] [INFO] Starting gunicorn 20.0.4
[2020-10-19 16:33:38 +0800] [2075] [INFO] Listening at: http://192.168.3.82:8000 (2075)
[2020-10-19 16:33:38 +0800] [2075] [INFO] Using worker: threads
[2020-10-19 16:33:38 +0800] [2083] [INFO] Booting worker with pid: 2083
[2020-10-19 16:33:38 +0800] [2084] [INFO] Booting worker with pid: 2084
[2020-10-19 16:33:38 +0800] [2085] [INFO] Booting worker with pid: 2085
[2020-10-20 00:26:17 +0800] [2596] [INFO] Booting worker with pid: 2596
[2020-10-20 00:26:17 +0800] [2075] [INFO] Handling signal: term
[2020-10-20 00:26:17 +0800] [2594] [INFO] Booting worker with pid: 2594
[2020-10-20 00:26:17 +0800] [2593] [INFO] Booting worker with pid: 2593
[2020-10-20 00:26:27 +0800] [2596] [INFO] Parent changed, shutting down: <Worker 2596>
[2020-10-20 00:26:27 +0800] [2596] [INFO] Worker exiting (pid: 2596)
[2020-10-20 00:26:27 +0800] [2593] [INFO] Parent changed, shutting down: <Worker 2593>
[2020-10-20 00:26:27 +0800] [2593] [INFO] Worker exiting (pid: 2593)
[2020-10-20 00:26:27 +0800] [2594] [INFO] Parent changed, shutting down: <Worker 2594>
[2020-10-20 00:26:27 +0800] [2594] [INFO] Worker exiting (pid: 2594)
[2020-10-20 10:35:35 +0800] [1824] [INFO] Starting gunicorn 20.0.4
[2020-10-20 10:35:35 +0800] [1824] [INFO] Listening at: http://192.168.3.82:8000 (1824)
[2020-10-20 10:35:35 +0800] [1824] [INFO] Using worker: threads
[2020-10-20 10:35:35 +0800] [1832] [INFO] Booting worker with pid: 1832
[2020-10-20 10:35:35 +0800] [1833] [INFO] Booting worker with pid: 1833
[2020-10-20 10:35:35 +0800] [1834] [INFO] Booting worker with pid: 1834
